<?xml version="1.0" encoding="UTF-8"?>
<!-- Generated by org.testng.reporters.JUnitXMLReporter -->
<testsuite ignored="0" hostname="LTIN226766" failures="0" tests="45" name="Main" time="111.632" errors="0" timestamp="2024-02-12T22:32:06 IST">
  <testcase classname="TestCases.GoogleHome_Test" name="search_action" time="1.426"/>
  <testcase classname="TestCases.GoogleHome_Test" name="search" time="0.56"/>
  <testcase classname="TestCases.GoogleHome_Test" name="open_webpage" time="12.162"/>
  <testcase classname="TestCases.EMI_CalculatorHomePage_TEST" name="clickONCarloan" time="0.244"/>
  <testcase classname="TestCases.EMI_CalculatorHomePage_TEST" name="refreshPage" time="1.973"/>
  <testcase classname="TestCases.EMI_CalculatorHomePage_TEST" name="load_EMICalculator_LINK" time="9.187"/>
  <testcase classname="TestCases.HomeLoanEMICalculator_Test" name="HomeLoan_Validation" time="8.416"/>
  <testcase classname="TestCases.HomeLoanEMICalculator_Test" name="setHomeValue_InCalculator" time="0.445"/>
  <testcase classname="TestCases.HomeLoanEMICalculator_Test" name="setDownPayment_InCalculator" time="1.139"/>
  <testcase classname="TestCases.HomeLoanEMICalculator_Test" name="setting_LoanInsurance_Amount" time="0.409"/>
  <testcase classname="TestCases.HomeLoanEMICalculator_Test" name="Loan_Amt_Validation" time="0.1"/>
  <testcase classname="TestCases.HomeLoanEMICalculator_Test" name="set_Interest_Rate" time="0.604"/>
  <testcase classname="TestCases.HomeLoanEMICalculator_Test" name="Setting_Loan_Duration" time="0.703"/>
  <testcase classname="TestCases.HomeLoanEMICalculator_Test" name="Loan_charges_set" time="2.63"/>
  <testcase classname="TestCases.HomeLoanEMICalculator_Test" name="Loan_StartMonthAndYear_calenderOperations" time="0.273"/>
  <testcase classname="TestCases.HomeLoanEMICalculator_Test" name="LoanStartMonthAndYear_setting" time="0.5"/>
  <testcase classname="TestCases.HomeLoanEMICalculator_Test" name="setting_OneTimeExpenses" time="2.557"/>
  <testcase classname="TestCases.HomeLoanEMICalculator_Test" name="propertyTaxesperyear" time="2.47"/>
  <testcase classname="TestCases.HomeLoanEMICalculator_Test" name="HomeInsurancePerYear_setting" time="3.378"/>
  <testcase classname="TestCases.HomeLoanEMICalculator_Test" name="SettingMaintenanceExpenses" time="0.161"/>
  <testcase classname="TestCases.HomeLoanEMICalculator_Test" name="implementing_ExcelMethods_toStoreData" time="15.248"/>
  <testcase classname="TestCases.HomeLoanEMICalculator_Test" name="Navigation_toNextPage" time="4.209"/>
  <testcase classname="TestCases.UI_CheckForLoanAmountCalculators" name="validation_Of_EMI_Calculator" time="0.074"/>
  <testcase classname="TestCases.UI_CheckForLoanAmountCalculators" name="validationOf_Loan_Amount_Calculator" time="0.056"/>
  <testcase classname="TestCases.UI_CheckForLoanAmountCalculators" name="validationOf_Loan_Tenure_Calculator" time="0.084"/>
  <testcase classname="TestCases.UI_CheckForLoanAmountCalculators" name="validationOf_Loan_Interest_Calculator" time="0.059"/>
  <testcase classname="TestCases.UI_CheckForLoanAmountCalculators" name="does_setingLoan_Amount" time="0.273"/>
  <testcase classname="TestCases.UI_CheckForLoanAmountCalculators" name="does_setingLoan_Interest_Rate" time="0.321"/>
  <testcase classname="TestCases.UI_CheckForLoanAmountCalculators" name="LoanTennure_CalculatorIs_Present_Validation" time="0.447"/>
  <testcase classname="TestCases.UI_CheckForLoanAmountCalculators" name="does_setingLoan_FeesAndCharges" time="0.609"/>
  <testcase classname="TestCases.UI_CheckForLoanEMICalc" name="needTo_setLoan_Amount" time="0.306"/>
  <testcase classname="TestCases.UI_CheckForLoanEMICalc" name="needTo_setLoan_Interest_Rate" time="0.395"/>
  <testcase classname="TestCases.UI_CheckForLoanEMICalc" name="needTo_setLoan_Tennure" time="0.37"/>
  <testcase classname="TestCases.UI_CheckForLoanEMICalc" name="needTo_setLoan_FeesAndCharges" time="0.408"/>
  <testcase classname="TestCases.UI_CheckForLoanEMICalc" name="needTo_NavigateToNxtPage" time="0.186"/>
  <testcase classname="TestCases.UI_CheckForLoanTennureCalc" name="do_setsLoan_Amount" time="3.26"/>
  <testcase classname="TestCases.UI_CheckForLoanTennureCalc" name="do_setsEMI_Amount" time="0.493"/>
  <testcase classname="TestCases.UI_CheckForLoanTennureCalc" name="do_setsLoan_AmountInterest_RATE" time="0.456"/>
  <testcase classname="TestCases.UI_CheckForLoanTennureCalc" name="do_setsFees_AND_Charges_Amount" time="0.483"/>
  <testcase classname="TestCases.UI_CheckForLoanTennureCalc" name="do_NavigateToNextPAGE" time="0.253"/>
  <testcase classname="TestCases.UI_CheckForInterestRATECalc" name="do_settingLoan_Amount" time="0.29"/>
  <testcase classname="TestCases.UI_CheckForInterestRATECalc" name="do_settingEMI_Amount" time="0.264"/>
  <testcase classname="TestCases.UI_CheckForInterestRATECalc" name="do_setingLoan_Tennure" time="0.34"/>
  <testcase classname="TestCases.UI_CheckForInterestRATECalc" name="do_setingLoan_FeesAndCharges" time="0.485"/>
  <testcase classname="TestCases.UI_CheckForInterestRATECalc" name="do_validation_Result" time="0.072"/>
</testsuite> <!-- Main -->
