<?xml version="1.0" encoding="UTF-8"?>
<!-- Generated by org.testng.reporters.JUnitXMLReporter -->
<testsuite ignored="0" hostname="LTIN226766" failures="0" tests="6" name="Test003" time="54.575" errors="0" timestamp="2024-01-31T17:58:46 IST">
  <testcase classname="TestCases.GoogleHome_Test" name="search_action" time="0.001">
    <skipped/>
  </testcase> <!-- search_action -->
  <testcase classname="TestCases.GoogleHome_Test" name="search" time="0.0">
    <skipped/>
  </testcase> <!-- search -->
  <testcase classname="TestCases.GoogleHome_Test" name="open_webpage" time="0.001">
    <skipped/>
  </testcase> <!-- open_webpage -->
  <testcase classname="TestCases.EMI_CalculatorHomePage_TEST" name="clickONCarloan" time="0.0">
    <skipped/>
  </testcase> <!-- clickONCarloan -->
  <testcase classname="TestCases.EMI_CalculatorHomePage_TEST" name="refreshPage" time="0.0">
    <skipped/>
  </testcase> <!-- refreshPage -->
  <testcase classname="TestCases.EMI_CalculatorHomePage_TEST" name="load_EMICalculator_LINK" time="0.0">
    <skipped/>
  </testcase> <!-- load_EMICalculator_LINK -->
</testsuite> <!-- Test003 -->
