<?xml version="1.0" encoding="UTF-8"?>
<testsuite xmlns:xsi="http://www.w3.org/2001/XMLSchema-instance" xsi:noNamespaceSchemaLocation="https://maven.apache.org/surefire/maven-surefire-plugin/xsd/surefire-test-report-3.0.xsd" version="3.0" name="TestSuite" time="117.77" tests="45" errors="0" skipped="0" failures="1">
  <properties>
[...]
</properties>
  <testcase name="search_action" classname="TestCases.UI_CheckForInterestRATECalc" time="2.815">
    <system-err><![CDATA[Feb 08, 2024 10:40:52 AM org.openqa.selenium.devtools.CdpVersionFinder findNearestMatch
WARNING: Unable to find an exact match for CDP version 121, returning the closest version; found: 119; Please update to a Selenium version that supports CDP version 121
]]></system-err>
  </testcase>
  <testcase name="search" classname="TestCases.UI_CheckForInterestRATECalc" time="4.082"/>
  <testcase name="open_webpage" classname="TestCases.UI_CheckForInterestRATECalc" time="9.917">
    <system-out><![CDATA[Ttile of the 1st page is : 
 EMI Calculator for Home Loan, Car Loan & Personal Loan in India
]]></system-out>
  </testcase>
  <testcase name="clickONCarloan" classname="TestCases.UI_CheckForInterestRATECalc" time="0.799"/>
  <testcase name="refreshPage" classname="TestCases.UI_CheckForInterestRATECalc" time="1.372"/>
  <testcase name="load_EMICalculator_LINK" classname="TestCases.UI_CheckForInterestRATECalc" time="10.199">
    <system-out><![CDATA[

]]></system-out>
  </testcase>
  <testcase name="HomeLoan_Validation" classname="TestCases.UI_CheckForInterestRATECalc" time="8.466"/>
  <testcase name="setHomeValue_InCalculator" classname="TestCases.UI_CheckForInterestRATECalc" time="0.854"/>
  <testcase name="setDownPayment_InCalculator" classname="TestCases.UI_CheckForInterestRATECalc" time="1.35">
    <system-out><![CDATA[

]]></system-out>
  </testcase>
  <testcase name="setting_LoanInsurance_Amount" classname="TestCases.UI_CheckForInterestRATECalc" time="0.693"/>
  <testcase name="Loan_Amt_Validation" classname="TestCases.UI_CheckForInterestRATECalc" time="0.388"/>
  <testcase name="set_Interest_Rate" classname="TestCases.UI_CheckForInterestRATECalc" time="0.858"/>
  <testcase name="Setting_Loan_Duration" classname="TestCases.UI_CheckForInterestRATECalc" time="1.024"/>
  <testcase name="Loan_charges_set" classname="TestCases.UI_CheckForInterestRATECalc" time="3.132"/>
  <testcase name="Loan_StartMonthAndYear_calenderOperations" classname="TestCases.UI_CheckForInterestRATECalc" time="0.703"/>
  <testcase name="LoanStartMonthAndYear_setting" classname="TestCases.UI_CheckForInterestRATECalc" time="0.734">
    <system-out><![CDATA[Exceptions Caughtstale element reference: stale element not found
  (Session info: MicrosoftEdge=121.0.2277.106)
For documentation on this error, please visit: https://www.selenium.dev/documentation/webdriver/troubleshooting/errors#stale-element-reference-exception
Build info: version: '4.15.0', revision: '1d14b5521b'
System info: os.name: 'Windows 11', os.arch: 'amd64', os.version: '10.0', java.version: '17.0.9'
Driver info: org.openqa.selenium.edge.EdgeDriver
Command: [b8a35c4f4e27e7e61d8d8253dc208a8d, getElementText {id=E0E14DC50E3EB804D31BF3E8072A908D_element_86}]
Capabilities {acceptInsecureCerts: false, browserName: MicrosoftEdge, browserVersion: 121.0.2277.106, fedcm:accounts: true, ms:edgeOptions: {debuggerAddress: localhost:57109}, msedge: {msedgedriverVersion: 121.0.2277.106 (3a400d91a81..., userDataDir: C:\Windows\SystemTemp\scope...}, networkConnectionEnabled: false, pageLoadStrategy: normal, platformName: windows, proxy: Proxy(), se:cdp: ws://localhost:57109/devtoo..., se:cdpVersion: 121.0.2277.106, setWindowRect: true, strictFileInteractability: false, timeouts: {implicit: 0, pageLoad: 300000, script: 30000}, unhandledPromptBehavior: dismiss and notify, webauthn:extension:credBlob: true, webauthn:extension:largeBlob: true, webauthn:extension:minPinLength: true, webauthn:extension:prf: true, webauthn:virtualAuthenticators: true}
Element: [[EdgeDriver: MicrosoftEdge on windows (b8a35c4f4e27e7e61d8d8253dc208a8d)] -> xpath: (//table[@class='table-condensed'])[2]/tbody/tr/td/span]
Session ID: b8a35c4f4e27e7e61d8d8253dc208a8d
]]></system-out>
  </testcase>
  <testcase name="setting_OneTimeExpenses" classname="TestCases.UI_CheckForInterestRATECalc" time="2.948"/>
  <testcase name="propertyTaxesperyear" classname="TestCases.UI_CheckForInterestRATECalc" time="2.986"/>
  <testcase name="HomeInsurancePerYear_setting" classname="TestCases.UI_CheckForInterestRATECalc" time="4.434"/>
  <testcase name="SettingMaintenanceExpenses" classname="TestCases.UI_CheckForInterestRATECalc" time="0.714">
    <system-out><![CDATA[

]]></system-out>
  </testcase>
  <testcase name="implementing_ExcelMethods_toStoreData" classname="TestCases.UI_CheckForInterestRATECalc" time="5.033">
    <failure message="No valid entries or contents found, this is not a valid OOXML (Office Open XML) file" type="org.apache.poi.openxml4j.exceptions.NotOfficeXmlFileException"><![CDATA[org.apache.poi.openxml4j.exceptions.NotOfficeXmlFileException: No valid entries or contents found, this is not a valid OOXML (Office Open XML) file
	at org.apache.poi.openxml4j.util.ZipArchiveThresholdInputStream.getNextEntry(ZipArchiveThresholdInputStream.java:159)
	at org.apache.poi.openxml4j.util.ZipInputStreamZipEntrySource.<init>(ZipInputStreamZipEntrySource.java:94)
	at org.apache.poi.openxml4j.opc.ZipPackage.<init>(ZipPackage.java:157)
	at org.apache.poi.openxml4j.opc.OPCPackage.open(OPCPackage.java:351)
	at org.apache.poi.ooxml.util.PackageHelper.open(PackageHelper.java:64)
	at org.apache.poi.xssf.usermodel.XSSFWorkbook.<init>(XSSFWorkbook.java:313)
	at org.apache.poi.xssf.usermodel.XSSFWorkbook.<init>(XSSFWorkbook.java:287)
	at utilities.ExcelUtility.writeData(ExcelUtility.java:35)
	at PageObjects.HomeLoanEMICalculator.readData(HomeLoanEMICalculator.java:455)
	at TestCases.HomeLoanEMICalculator_Test.implementing_ExcelMethods_toStoreData(HomeLoanEMICalculator_Test.java:261)
	at java.base/jdk.internal.reflect.NativeMethodAccessorImpl.invoke0(Native Method)
	at java.base/jdk.internal.reflect.NativeMethodAccessorImpl.invoke(NativeMethodAccessorImpl.java:77)
	at java.base/jdk.internal.reflect.DelegatingMethodAccessorImpl.invoke(DelegatingMethodAccessorImpl.java:43)
	at java.base/java.lang.reflect.Method.invoke(Method.java:568)
	at org.testng.internal.invokers.MethodInvocationHelper.invokeMethod(MethodInvocationHelper.java:139)
	at org.testng.internal.invokers.TestInvoker.invokeMethod(TestInvoker.java:664)
	at org.testng.internal.invokers.TestInvoker.invokeTestMethod(TestInvoker.java:227)
	at org.testng.internal.invokers.MethodRunner.runInSequence(MethodRunner.java:50)
	at org.testng.internal.invokers.TestInvoker$MethodInvocationAgent.invoke(TestInvoker.java:957)
	at org.testng.internal.invokers.TestInvoker.invokeTestMethods(TestInvoker.java:200)
	at org.testng.internal.invokers.TestMethodWorker.invokeTestMethods(TestMethodWorker.java:148)
	at org.testng.internal.invokers.TestMethodWorker.run(TestMethodWorker.java:128)
	at java.base/java.util.ArrayList.forEach(ArrayList.java:1511)
	at org.testng.TestRunner.privateRun(TestRunner.java:848)
	at org.testng.TestRunner.run(TestRunner.java:621)
	at org.testng.SuiteRunner.runTest(SuiteRunner.java:443)
	at org.testng.SuiteRunner.runSequentially(SuiteRunner.java:437)
	at org.testng.SuiteRunner.privateRun(SuiteRunner.java:397)
	at org.testng.SuiteRunner.run(SuiteRunner.java:336)
	at org.testng.SuiteRunnerWorker.runSuite(SuiteRunnerWorker.java:52)
	at org.testng.SuiteRunnerWorker.run(SuiteRunnerWorker.java:95)
	at org.testng.TestNG.runSuitesSequentially(TestNG.java:1280)
	at org.testng.TestNG.runSuitesLocally(TestNG.java:1200)
	at org.testng.TestNG.runSuites(TestNG.java:1114)
	at org.testng.TestNG.run(TestNG.java:1082)
	at org.apache.maven.surefire.testng.TestNGExecutor.run(TestNGExecutor.java:308)
	at org.apache.maven.surefire.testng.TestNGXmlTestSuite.execute(TestNGXmlTestSuite.java:71)
	at org.apache.maven.surefire.testng.TestNGProvider.invoke(TestNGProvider.java:113)
	at org.apache.maven.surefire.booter.ForkedBooter.runSuitesInProcess(ForkedBooter.java:385)
	at org.apache.maven.surefire.booter.ForkedBooter.execute(ForkedBooter.java:162)
	at org.apache.maven.surefire.booter.ForkedBooter.run(ForkedBooter.java:507)
	at org.apache.maven.surefire.booter.ForkedBooter.main(ForkedBooter.java:495)
Caused by: java.util.zip.ZipException: Unexpected record signature: 0x0
	at org.apache.commons.compress.archivers.zip.ZipArchiveInputStream.getNextZipEntry(ZipArchiveInputStream.java:770)
	at org.apache.poi.openxml4j.util.ZipArchiveThresholdInputStream.getNextEntry(ZipArchiveThresholdInputStream.java:150)
	... 41 more
]]></failure>
    <system-out><![CDATA[Year	Principal (A)	Interest (B)	Taxes, Home Insurance & Maintenance (C)	Total Payment (A+B+C)	Balance	Loan Paid To Date
]]></system-out>
  </testcase>
  <testcase name="Navigation_toNextPage" classname="TestCases.UI_CheckForInterestRATECalc" time="5.082"/>
  <testcase name="validation_Of_EMI_Calculator" classname="TestCases.UI_CheckForInterestRATECalc" time="0.777">
    <system-out><![CDATA[ 
 
 _______________________________
 Validation of the WebElement Successful
]]></system-out>
  </testcase>
  <testcase name="validationOf_Loan_Amount_Calculator" classname="TestCases.UI_CheckForInterestRATECalc" time="0.558">
    <system-out><![CDATA[ 
 
 _______________________________
 Validation of the WebElement Successful
]]></system-out>
  </testcase>
  <testcase name="validationOf_Loan_Tenure_Calculator" classname="TestCases.UI_CheckForInterestRATECalc" time="0.603">
    <system-out><![CDATA[ 
 
 _______________________________
 Validation of the WebElement Successful
]]></system-out>
  </testcase>
  <testcase name="validationOf_Loan_Interest_Calculator" classname="TestCases.UI_CheckForInterestRATECalc" time="0.527">
    <system-out><![CDATA[ 
 
 _______________________________
 Validation of the WebElement Successful
]]></system-out>
  </testcase>
  <testcase name="does_setingLoan_Amount" classname="TestCases.UI_CheckForInterestRATECalc" time="0.967"/>
  <testcase name="does_setingLoan_Interest_Rate" classname="TestCases.UI_CheckForInterestRATECalc" time="1.187"/>
  <testcase name="LoanTennure_CalculatorIs_Present_Validation" classname="TestCases.UI_CheckForInterestRATECalc" time="0.98"/>
  <testcase name="does_setingLoan_FeesAndCharges" classname="TestCases.UI_CheckForInterestRATECalc" time="1.2"/>
  <testcase name="needTo_setLoan_Amount" classname="TestCases.UI_CheckForInterestRATECalc" time="0.973"/>
  <testcase name="needTo_setLoan_Interest_Rate" classname="TestCases.UI_CheckForInterestRATECalc" time="0.746"/>
  <testcase name="needTo_setLoan_Tennure" classname="TestCases.UI_CheckForInterestRATECalc" time="0.765"/>
  <testcase name="needTo_setLoan_FeesAndCharges" classname="TestCases.UI_CheckForInterestRATECalc" time="0.881"/>
  <testcase name="needTo_NavigateToNxtPage" classname="TestCases.UI_CheckForInterestRATECalc" time="0.638"/>
  <testcase name="do_setsLoan_Amount" classname="TestCases.UI_CheckForInterestRATECalc" time="3.703"/>
  <testcase name="do_setsEMI_Amount" classname="TestCases.UI_CheckForInterestRATECalc" time="0.789"/>
  <testcase name="do_setsLoan_AmountInterest_RATE" classname="TestCases.UI_CheckForInterestRATECalc" time="0.875"/>
  <testcase name="do_setsFees_AND_Charges_Amount" classname="TestCases.UI_CheckForInterestRATECalc" time="1.055"/>
  <testcase name="do_NavigateToNextPAGE" classname="TestCases.UI_CheckForInterestRATECalc" time="0.759"/>
  <testcase name="do_settingLoan_Amount" classname="TestCases.UI_CheckForInterestRATECalc" time="0.741"/>
  <testcase name="do_settingEMI_Amount" classname="TestCases.UI_CheckForInterestRATECalc" time="0.615"/>
  <testcase name="do_setingLoan_Tennure" classname="TestCases.UI_CheckForInterestRATECalc" time="0.787"/>
  <testcase name="do_setingLoan_FeesAndCharges" classname="TestCases.UI_CheckForInterestRATECalc" time="0.803"/>
  <testcase name="do_validation_Result" classname="TestCases.UI_CheckForInterestRATECalc" time="0.326"/>
</testsuite>