<?xml version="1.0" encoding="UTF-8"?>
<testng-results ignored="0" total="45" passed="45" failed="0" skipped="0">
  <reporter-output>
  </reporter-output>
  <suite started-at="2024-02-15T11:35:36 IST" name="Smoke_Testing" finished-at="2024-02-15T11:37:14 IST" duration-ms="97406">
    <groups>
      <group name="regression">
        <method signature="GoogleHome_Test.search_action()[pri:1, instance:TestCases.UI_CheckForInterestRATECalc@547e29a4]" name="search_action" class="TestCases.GoogleHome_Test"/>
        <method signature="GoogleHome_Test.search()[pri:2, instance:TestCases.UI_CheckForInterestRATECalc@547e29a4]" name="search" class="TestCases.GoogleHome_Test"/>
        <method signature="GoogleHome_Test.open_webpage()[pri:3, instance:TestCases.UI_CheckForInterestRATECalc@547e29a4]" name="open_webpage" class="TestCases.GoogleHome_Test"/>
        <method signature="EMI_CalculatorHomePage_TEST.clickONCarloan()[pri:4, instance:TestCases.UI_CheckForInterestRATECalc@547e29a4]" name="clickONCarloan" class="TestCases.EMI_CalculatorHomePage_TEST"/>
        <method signature="EMI_CalculatorHomePage_TEST.refreshPage()[pri:5, instance:TestCases.UI_CheckForInterestRATECalc@547e29a4]" name="refreshPage" class="TestCases.EMI_CalculatorHomePage_TEST"/>
        <method signature="EMI_CalculatorHomePage_TEST.load_EMICalculator_LINK()[pri:6, instance:TestCases.UI_CheckForInterestRATECalc@547e29a4]" name="load_EMICalculator_LINK" class="TestCases.EMI_CalculatorHomePage_TEST"/>
        <method signature="HomeLoanEMICalculator_Test.HomeLoan_Validation()[pri:7, instance:TestCases.UI_CheckForInterestRATECalc@547e29a4]" name="HomeLoan_Validation" class="TestCases.HomeLoanEMICalculator_Test"/>
        <method signature="HomeLoanEMICalculator_Test.setHomeValue_InCalculator()[pri:9, instance:TestCases.UI_CheckForInterestRATECalc@547e29a4]" name="setHomeValue_InCalculator" class="TestCases.HomeLoanEMICalculator_Test"/>
        <method signature="HomeLoanEMICalculator_Test.setDownPayment_InCalculator()[pri:10, instance:TestCases.UI_CheckForInterestRATECalc@547e29a4]" name="setDownPayment_InCalculator" class="TestCases.HomeLoanEMICalculator_Test"/>
        <method signature="HomeLoanEMICalculator_Test.setting_LoanInsurance_Amount()[pri:11, instance:TestCases.UI_CheckForInterestRATECalc@547e29a4]" name="setting_LoanInsurance_Amount" class="TestCases.HomeLoanEMICalculator_Test"/>
        <method signature="HomeLoanEMICalculator_Test.Loan_Amt_Validation()[pri:12, instance:TestCases.UI_CheckForInterestRATECalc@547e29a4]" name="Loan_Amt_Validation" class="TestCases.HomeLoanEMICalculator_Test"/>
        <method signature="HomeLoanEMICalculator_Test.set_Interest_Rate()[pri:13, instance:TestCases.UI_CheckForInterestRATECalc@547e29a4]" name="set_Interest_Rate" class="TestCases.HomeLoanEMICalculator_Test"/>
        <method signature="HomeLoanEMICalculator_Test.Setting_Loan_Duration()[pri:14, instance:TestCases.UI_CheckForInterestRATECalc@547e29a4]" name="Setting_Loan_Duration" class="TestCases.HomeLoanEMICalculator_Test"/>
        <method signature="HomeLoanEMICalculator_Test.Loan_charges_set()[pri:15, instance:TestCases.UI_CheckForInterestRATECalc@547e29a4]" name="Loan_charges_set" class="TestCases.HomeLoanEMICalculator_Test"/>
        <method signature="HomeLoanEMICalculator_Test.Loan_StartMonthAndYear_calenderOperations()[pri:16, instance:TestCases.UI_CheckForInterestRATECalc@547e29a4]" name="Loan_StartMonthAndYear_calenderOperations" class="TestCases.HomeLoanEMICalculator_Test"/>
        <method signature="HomeLoanEMICalculator_Test.LoanStartMonthAndYear_setting()[pri:17, instance:TestCases.UI_CheckForInterestRATECalc@547e29a4]" name="LoanStartMonthAndYear_setting" class="TestCases.HomeLoanEMICalculator_Test"/>
        <method signature="HomeLoanEMICalculator_Test.setting_OneTimeExpenses()[pri:18, instance:TestCases.UI_CheckForInterestRATECalc@547e29a4]" name="setting_OneTimeExpenses" class="TestCases.HomeLoanEMICalculator_Test"/>
        <method signature="HomeLoanEMICalculator_Test.propertyTaxesperyear()[pri:19, instance:TestCases.UI_CheckForInterestRATECalc@547e29a4]" name="propertyTaxesperyear" class="TestCases.HomeLoanEMICalculator_Test"/>
        <method signature="HomeLoanEMICalculator_Test.HomeInsurancePerYear_setting()[pri:20, instance:TestCases.UI_CheckForInterestRATECalc@547e29a4]" name="HomeInsurancePerYear_setting" class="TestCases.HomeLoanEMICalculator_Test"/>
        <method signature="HomeLoanEMICalculator_Test.SettingMaintenanceExpenses()[pri:21, instance:TestCases.UI_CheckForInterestRATECalc@547e29a4]" name="SettingMaintenanceExpenses" class="TestCases.HomeLoanEMICalculator_Test"/>
        <method signature="HomeLoanEMICalculator_Test.implementing_ExcelMethods_toStoreData()[pri:22, instance:TestCases.UI_CheckForInterestRATECalc@547e29a4]" name="implementing_ExcelMethods_toStoreData" class="TestCases.HomeLoanEMICalculator_Test"/>
      </group> <!-- regression -->
      <group name="smoke">
        <method signature="GoogleHome_Test.search_action()[pri:1, instance:TestCases.UI_CheckForInterestRATECalc@547e29a4]" name="search_action" class="TestCases.GoogleHome_Test"/>
        <method signature="GoogleHome_Test.search()[pri:2, instance:TestCases.UI_CheckForInterestRATECalc@547e29a4]" name="search" class="TestCases.GoogleHome_Test"/>
        <method signature="GoogleHome_Test.open_webpage()[pri:3, instance:TestCases.UI_CheckForInterestRATECalc@547e29a4]" name="open_webpage" class="TestCases.GoogleHome_Test"/>
        <method signature="EMI_CalculatorHomePage_TEST.clickONCarloan()[pri:4, instance:TestCases.UI_CheckForInterestRATECalc@547e29a4]" name="clickONCarloan" class="TestCases.EMI_CalculatorHomePage_TEST"/>
        <method signature="EMI_CalculatorHomePage_TEST.load_EMICalculator_LINK()[pri:6, instance:TestCases.UI_CheckForInterestRATECalc@547e29a4]" name="load_EMICalculator_LINK" class="TestCases.EMI_CalculatorHomePage_TEST"/>
        <method signature="HomeLoanEMICalculator_Test.Navigation_toNextPage()[pri:23, instance:TestCases.UI_CheckForInterestRATECalc@547e29a4]" name="Navigation_toNextPage" class="TestCases.HomeLoanEMICalculator_Test"/>
        <method signature="UI_CheckForLoanAmountCalculators.validation_Of_EMI_Calculator()[pri:24, instance:TestCases.UI_CheckForInterestRATECalc@547e29a4]" name="validation_Of_EMI_Calculator" class="TestCases.UI_CheckForLoanAmountCalculators"/>
        <method signature="UI_CheckForLoanAmountCalculators.validationOf_Loan_Amount_Calculator()[pri:25, instance:TestCases.UI_CheckForInterestRATECalc@547e29a4]" name="validationOf_Loan_Amount_Calculator" class="TestCases.UI_CheckForLoanAmountCalculators"/>
        <method signature="UI_CheckForLoanAmountCalculators.validationOf_Loan_Tenure_Calculator()[pri:26, instance:TestCases.UI_CheckForInterestRATECalc@547e29a4]" name="validationOf_Loan_Tenure_Calculator" class="TestCases.UI_CheckForLoanAmountCalculators"/>
        <method signature="UI_CheckForLoanAmountCalculators.validationOf_Loan_Interest_Calculator()[pri:27, instance:TestCases.UI_CheckForInterestRATECalc@547e29a4]" name="validationOf_Loan_Interest_Calculator" class="TestCases.UI_CheckForLoanAmountCalculators"/>
        <method signature="UI_CheckForLoanAmountCalculators.does_setingLoan_FeesAndCharges()[pri:31, instance:TestCases.UI_CheckForInterestRATECalc@547e29a4]" name="does_setingLoan_FeesAndCharges" class="TestCases.UI_CheckForLoanAmountCalculators"/>
        <method signature="UI_CheckForLoanEMICalc.needTo_NavigateToNxtPage()[pri:36, instance:TestCases.UI_CheckForInterestRATECalc@547e29a4]" name="needTo_NavigateToNxtPage" class="TestCases.UI_CheckForLoanEMICalc"/>
        <method signature="UI_CheckForLoanTennureCalc.do_NavigateToNextPAGE()[pri:41, instance:TestCases.UI_CheckForInterestRATECalc@547e29a4]" name="do_NavigateToNextPAGE" class="TestCases.UI_CheckForLoanTennureCalc"/>
        <method signature="UI_CheckForInterestRATECalc.do_validation_Result()[pri:46, instance:TestCases.UI_CheckForInterestRATECalc@547e29a4]" name="do_validation_Result" class="TestCases.UI_CheckForInterestRATECalc"/>
      </group> <!-- smoke -->
      <group name="sanity">
        <method signature="GoogleHome_Test.search_action()[pri:1, instance:TestCases.UI_CheckForInterestRATECalc@547e29a4]" name="search_action" class="TestCases.GoogleHome_Test"/>
        <method signature="GoogleHome_Test.search()[pri:2, instance:TestCases.UI_CheckForInterestRATECalc@547e29a4]" name="search" class="TestCases.GoogleHome_Test"/>
        <method signature="GoogleHome_Test.open_webpage()[pri:3, instance:TestCases.UI_CheckForInterestRATECalc@547e29a4]" name="open_webpage" class="TestCases.GoogleHome_Test"/>
        <method signature="EMI_CalculatorHomePage_TEST.clickONCarloan()[pri:4, instance:TestCases.UI_CheckForInterestRATECalc@547e29a4]" name="clickONCarloan" class="TestCases.EMI_CalculatorHomePage_TEST"/>
        <method signature="EMI_CalculatorHomePage_TEST.refreshPage()[pri:5, instance:TestCases.UI_CheckForInterestRATECalc@547e29a4]" name="refreshPage" class="TestCases.EMI_CalculatorHomePage_TEST"/>
        <method signature="EMI_CalculatorHomePage_TEST.load_EMICalculator_LINK()[pri:6, instance:TestCases.UI_CheckForInterestRATECalc@547e29a4]" name="load_EMICalculator_LINK" class="TestCases.EMI_CalculatorHomePage_TEST"/>
        <method signature="HomeLoanEMICalculator_Test.HomeLoan_Validation()[pri:7, instance:TestCases.UI_CheckForInterestRATECalc@547e29a4]" name="HomeLoan_Validation" class="TestCases.HomeLoanEMICalculator_Test"/>
        <method signature="HomeLoanEMICalculator_Test.setHomeValue_InCalculator()[pri:9, instance:TestCases.UI_CheckForInterestRATECalc@547e29a4]" name="setHomeValue_InCalculator" class="TestCases.HomeLoanEMICalculator_Test"/>
        <method signature="HomeLoanEMICalculator_Test.setDownPayment_InCalculator()[pri:10, instance:TestCases.UI_CheckForInterestRATECalc@547e29a4]" name="setDownPayment_InCalculator" class="TestCases.HomeLoanEMICalculator_Test"/>
        <method signature="HomeLoanEMICalculator_Test.setting_LoanInsurance_Amount()[pri:11, instance:TestCases.UI_CheckForInterestRATECalc@547e29a4]" name="setting_LoanInsurance_Amount" class="TestCases.HomeLoanEMICalculator_Test"/>
        <method signature="HomeLoanEMICalculator_Test.Loan_Amt_Validation()[pri:12, instance:TestCases.UI_CheckForInterestRATECalc@547e29a4]" name="Loan_Amt_Validation" class="TestCases.HomeLoanEMICalculator_Test"/>
        <method signature="HomeLoanEMICalculator_Test.set_Interest_Rate()[pri:13, instance:TestCases.UI_CheckForInterestRATECalc@547e29a4]" name="set_Interest_Rate" class="TestCases.HomeLoanEMICalculator_Test"/>
        <method signature="HomeLoanEMICalculator_Test.Setting_Loan_Duration()[pri:14, instance:TestCases.UI_CheckForInterestRATECalc@547e29a4]" name="Setting_Loan_Duration" class="TestCases.HomeLoanEMICalculator_Test"/>
        <method signature="HomeLoanEMICalculator_Test.Loan_charges_set()[pri:15, instance:TestCases.UI_CheckForInterestRATECalc@547e29a4]" name="Loan_charges_set" class="TestCases.HomeLoanEMICalculator_Test"/>
        <method signature="HomeLoanEMICalculator_Test.Loan_StartMonthAndYear_calenderOperations()[pri:16, instance:TestCases.UI_CheckForInterestRATECalc@547e29a4]" name="Loan_StartMonthAndYear_calenderOperations" class="TestCases.HomeLoanEMICalculator_Test"/>
        <method signature="HomeLoanEMICalculator_Test.LoanStartMonthAndYear_setting()[pri:17, instance:TestCases.UI_CheckForInterestRATECalc@547e29a4]" name="LoanStartMonthAndYear_setting" class="TestCases.HomeLoanEMICalculator_Test"/>
        <method signature="HomeLoanEMICalculator_Test.setting_OneTimeExpenses()[pri:18, instance:TestCases.UI_CheckForInterestRATECalc@547e29a4]" name="setting_OneTimeExpenses" class="TestCases.HomeLoanEMICalculator_Test"/>
        <method signature="HomeLoanEMICalculator_Test.propertyTaxesperyear()[pri:19, instance:TestCases.UI_CheckForInterestRATECalc@547e29a4]" name="propertyTaxesperyear" class="TestCases.HomeLoanEMICalculator_Test"/>
        <method signature="HomeLoanEMICalculator_Test.HomeInsurancePerYear_setting()[pri:20, instance:TestCases.UI_CheckForInterestRATECalc@547e29a4]" name="HomeInsurancePerYear_setting" class="TestCases.HomeLoanEMICalculator_Test"/>
        <method signature="HomeLoanEMICalculator_Test.SettingMaintenanceExpenses()[pri:21, instance:TestCases.UI_CheckForInterestRATECalc@547e29a4]" name="SettingMaintenanceExpenses" class="TestCases.HomeLoanEMICalculator_Test"/>
        <method signature="HomeLoanEMICalculator_Test.implementing_ExcelMethods_toStoreData()[pri:22, instance:TestCases.UI_CheckForInterestRATECalc@547e29a4]" name="implementing_ExcelMethods_toStoreData" class="TestCases.HomeLoanEMICalculator_Test"/>
        <method signature="HomeLoanEMICalculator_Test.Navigation_toNextPage()[pri:23, instance:TestCases.UI_CheckForInterestRATECalc@547e29a4]" name="Navigation_toNextPage" class="TestCases.HomeLoanEMICalculator_Test"/>
        <method signature="UI_CheckForLoanAmountCalculators.validation_Of_EMI_Calculator()[pri:24, instance:TestCases.UI_CheckForInterestRATECalc@547e29a4]" name="validation_Of_EMI_Calculator" class="TestCases.UI_CheckForLoanAmountCalculators"/>
        <method signature="UI_CheckForLoanAmountCalculators.validationOf_Loan_Amount_Calculator()[pri:25, instance:TestCases.UI_CheckForInterestRATECalc@547e29a4]" name="validationOf_Loan_Amount_Calculator" class="TestCases.UI_CheckForLoanAmountCalculators"/>
        <method signature="UI_CheckForLoanAmountCalculators.validationOf_Loan_Tenure_Calculator()[pri:26, instance:TestCases.UI_CheckForInterestRATECalc@547e29a4]" name="validationOf_Loan_Tenure_Calculator" class="TestCases.UI_CheckForLoanAmountCalculators"/>
        <method signature="UI_CheckForLoanAmountCalculators.validationOf_Loan_Interest_Calculator()[pri:27, instance:TestCases.UI_CheckForInterestRATECalc@547e29a4]" name="validationOf_Loan_Interest_Calculator" class="TestCases.UI_CheckForLoanAmountCalculators"/>
        <method signature="UI_CheckForLoanAmountCalculators.does_setingLoan_Amount()[pri:28, instance:TestCases.UI_CheckForInterestRATECalc@547e29a4]" name="does_setingLoan_Amount" class="TestCases.UI_CheckForLoanAmountCalculators"/>
        <method signature="UI_CheckForLoanAmountCalculators.does_setingLoan_Interest_Rate()[pri:29, instance:TestCases.UI_CheckForInterestRATECalc@547e29a4]" name="does_setingLoan_Interest_Rate" class="TestCases.UI_CheckForLoanAmountCalculators"/>
        <method signature="UI_CheckForLoanAmountCalculators.LoanTennure_CalculatorIs_Present_Validation()[pri:30, instance:TestCases.UI_CheckForInterestRATECalc@547e29a4]" name="LoanTennure_CalculatorIs_Present_Validation" class="TestCases.UI_CheckForLoanAmountCalculators"/>
        <method signature="UI_CheckForLoanAmountCalculators.does_setingLoan_FeesAndCharges()[pri:31, instance:TestCases.UI_CheckForInterestRATECalc@547e29a4]" name="does_setingLoan_FeesAndCharges" class="TestCases.UI_CheckForLoanAmountCalculators"/>
        <method signature="UI_CheckForLoanEMICalc.needTo_setLoan_Amount()[pri:32, instance:TestCases.UI_CheckForInterestRATECalc@547e29a4]" name="needTo_setLoan_Amount" class="TestCases.UI_CheckForLoanEMICalc"/>
        <method signature="UI_CheckForLoanEMICalc.needTo_setLoan_Interest_Rate()[pri:33, instance:TestCases.UI_CheckForInterestRATECalc@547e29a4]" name="needTo_setLoan_Interest_Rate" class="TestCases.UI_CheckForLoanEMICalc"/>
        <method signature="UI_CheckForLoanEMICalc.needTo_setLoan_Tennure()[pri:34, instance:TestCases.UI_CheckForInterestRATECalc@547e29a4]" name="needTo_setLoan_Tennure" class="TestCases.UI_CheckForLoanEMICalc"/>
        <method signature="UI_CheckForLoanEMICalc.needTo_setLoan_FeesAndCharges()[pri:35, instance:TestCases.UI_CheckForInterestRATECalc@547e29a4]" name="needTo_setLoan_FeesAndCharges" class="TestCases.UI_CheckForLoanEMICalc"/>
        <method signature="UI_CheckForLoanEMICalc.needTo_NavigateToNxtPage()[pri:36, instance:TestCases.UI_CheckForInterestRATECalc@547e29a4]" name="needTo_NavigateToNxtPage" class="TestCases.UI_CheckForLoanEMICalc"/>
        <method signature="UI_CheckForLoanTennureCalc.do_setsLoan_Amount()[pri:37, instance:TestCases.UI_CheckForInterestRATECalc@547e29a4]" name="do_setsLoan_Amount" class="TestCases.UI_CheckForLoanTennureCalc"/>
        <method signature="UI_CheckForLoanTennureCalc.do_setsEMI_Amount()[pri:38, instance:TestCases.UI_CheckForInterestRATECalc@547e29a4]" name="do_setsEMI_Amount" class="TestCases.UI_CheckForLoanTennureCalc"/>
        <method signature="UI_CheckForLoanTennureCalc.do_setsLoan_AmountInterest_RATE()[pri:39, instance:TestCases.UI_CheckForInterestRATECalc@547e29a4]" name="do_setsLoan_AmountInterest_RATE" class="TestCases.UI_CheckForLoanTennureCalc"/>
        <method signature="UI_CheckForLoanTennureCalc.do_setsFees_AND_Charges_Amount()[pri:40, instance:TestCases.UI_CheckForInterestRATECalc@547e29a4]" name="do_setsFees_AND_Charges_Amount" class="TestCases.UI_CheckForLoanTennureCalc"/>
        <method signature="UI_CheckForLoanTennureCalc.do_NavigateToNextPAGE()[pri:41, instance:TestCases.UI_CheckForInterestRATECalc@547e29a4]" name="do_NavigateToNextPAGE" class="TestCases.UI_CheckForLoanTennureCalc"/>
        <method signature="UI_CheckForInterestRATECalc.do_settingLoan_Amount()[pri:42, instance:TestCases.UI_CheckForInterestRATECalc@547e29a4]" name="do_settingLoan_Amount" class="TestCases.UI_CheckForInterestRATECalc"/>
        <method signature="UI_CheckForInterestRATECalc.do_settingEMI_Amount()[pri:43, instance:TestCases.UI_CheckForInterestRATECalc@547e29a4]" name="do_settingEMI_Amount" class="TestCases.UI_CheckForInterestRATECalc"/>
        <method signature="UI_CheckForInterestRATECalc.do_setingLoan_Tennure()[pri:44, instance:TestCases.UI_CheckForInterestRATECalc@547e29a4]" name="do_setingLoan_Tennure" class="TestCases.UI_CheckForInterestRATECalc"/>
        <method signature="UI_CheckForInterestRATECalc.do_setingLoan_FeesAndCharges()[pri:45, instance:TestCases.UI_CheckForInterestRATECalc@547e29a4]" name="do_setingLoan_FeesAndCharges" class="TestCases.UI_CheckForInterestRATECalc"/>
        <method signature="UI_CheckForInterestRATECalc.do_validation_Result()[pri:46, instance:TestCases.UI_CheckForInterestRATECalc@547e29a4]" name="do_validation_Result" class="TestCases.UI_CheckForInterestRATECalc"/>
      </group> <!-- sanity -->
      <group name="master">
        <method signature="GoogleHome_Test.search_action()[pri:1, instance:TestCases.UI_CheckForInterestRATECalc@547e29a4]" name="search_action" class="TestCases.GoogleHome_Test"/>
        <method signature="GoogleHome_Test.search()[pri:2, instance:TestCases.UI_CheckForInterestRATECalc@547e29a4]" name="search" class="TestCases.GoogleHome_Test"/>
        <method signature="GoogleHome_Test.open_webpage()[pri:3, instance:TestCases.UI_CheckForInterestRATECalc@547e29a4]" name="open_webpage" class="TestCases.GoogleHome_Test"/>
        <method signature="EMI_CalculatorHomePage_TEST.clickONCarloan()[pri:4, instance:TestCases.UI_CheckForInterestRATECalc@547e29a4]" name="clickONCarloan" class="TestCases.EMI_CalculatorHomePage_TEST"/>
        <method signature="EMI_CalculatorHomePage_TEST.refreshPage()[pri:5, instance:TestCases.UI_CheckForInterestRATECalc@547e29a4]" name="refreshPage" class="TestCases.EMI_CalculatorHomePage_TEST"/>
        <method signature="EMI_CalculatorHomePage_TEST.load_EMICalculator_LINK()[pri:6, instance:TestCases.UI_CheckForInterestRATECalc@547e29a4]" name="load_EMICalculator_LINK" class="TestCases.EMI_CalculatorHomePage_TEST"/>
        <method signature="HomeLoanEMICalculator_Test.HomeLoan_Validation()[pri:7, instance:TestCases.UI_CheckForInterestRATECalc@547e29a4]" name="HomeLoan_Validation" class="TestCases.HomeLoanEMICalculator_Test"/>
        <method signature="HomeLoanEMICalculator_Test.setHomeValue_InCalculator()[pri:9, instance:TestCases.UI_CheckForInterestRATECalc@547e29a4]" name="setHomeValue_InCalculator" class="TestCases.HomeLoanEMICalculator_Test"/>
        <method signature="HomeLoanEMICalculator_Test.setDownPayment_InCalculator()[pri:10, instance:TestCases.UI_CheckForInterestRATECalc@547e29a4]" name="setDownPayment_InCalculator" class="TestCases.HomeLoanEMICalculator_Test"/>
        <method signature="HomeLoanEMICalculator_Test.setting_LoanInsurance_Amount()[pri:11, instance:TestCases.UI_CheckForInterestRATECalc@547e29a4]" name="setting_LoanInsurance_Amount" class="TestCases.HomeLoanEMICalculator_Test"/>
        <method signature="HomeLoanEMICalculator_Test.Loan_Amt_Validation()[pri:12, instance:TestCases.UI_CheckForInterestRATECalc@547e29a4]" name="Loan_Amt_Validation" class="TestCases.HomeLoanEMICalculator_Test"/>
        <method signature="HomeLoanEMICalculator_Test.set_Interest_Rate()[pri:13, instance:TestCases.UI_CheckForInterestRATECalc@547e29a4]" name="set_Interest_Rate" class="TestCases.HomeLoanEMICalculator_Test"/>
        <method signature="HomeLoanEMICalculator_Test.Setting_Loan_Duration()[pri:14, instance:TestCases.UI_CheckForInterestRATECalc@547e29a4]" name="Setting_Loan_Duration" class="TestCases.HomeLoanEMICalculator_Test"/>
        <method signature="HomeLoanEMICalculator_Test.Loan_charges_set()[pri:15, instance:TestCases.UI_CheckForInterestRATECalc@547e29a4]" name="Loan_charges_set" class="TestCases.HomeLoanEMICalculator_Test"/>
        <method signature="HomeLoanEMICalculator_Test.Loan_StartMonthAndYear_calenderOperations()[pri:16, instance:TestCases.UI_CheckForInterestRATECalc@547e29a4]" name="Loan_StartMonthAndYear_calenderOperations" class="TestCases.HomeLoanEMICalculator_Test"/>
        <method signature="HomeLoanEMICalculator_Test.LoanStartMonthAndYear_setting()[pri:17, instance:TestCases.UI_CheckForInterestRATECalc@547e29a4]" name="LoanStartMonthAndYear_setting" class="TestCases.HomeLoanEMICalculator_Test"/>
        <method signature="HomeLoanEMICalculator_Test.setting_OneTimeExpenses()[pri:18, instance:TestCases.UI_CheckForInterestRATECalc@547e29a4]" name="setting_OneTimeExpenses" class="TestCases.HomeLoanEMICalculator_Test"/>
        <method signature="HomeLoanEMICalculator_Test.propertyTaxesperyear()[pri:19, instance:TestCases.UI_CheckForInterestRATECalc@547e29a4]" name="propertyTaxesperyear" class="TestCases.HomeLoanEMICalculator_Test"/>
        <method signature="HomeLoanEMICalculator_Test.HomeInsurancePerYear_setting()[pri:20, instance:TestCases.UI_CheckForInterestRATECalc@547e29a4]" name="HomeInsurancePerYear_setting" class="TestCases.HomeLoanEMICalculator_Test"/>
        <method signature="HomeLoanEMICalculator_Test.SettingMaintenanceExpenses()[pri:21, instance:TestCases.UI_CheckForInterestRATECalc@547e29a4]" name="SettingMaintenanceExpenses" class="TestCases.HomeLoanEMICalculator_Test"/>
        <method signature="HomeLoanEMICalculator_Test.implementing_ExcelMethods_toStoreData()[pri:22, instance:TestCases.UI_CheckForInterestRATECalc@547e29a4]" name="implementing_ExcelMethods_toStoreData" class="TestCases.HomeLoanEMICalculator_Test"/>
        <method signature="HomeLoanEMICalculator_Test.Navigation_toNextPage()[pri:23, instance:TestCases.UI_CheckForInterestRATECalc@547e29a4]" name="Navigation_toNextPage" class="TestCases.HomeLoanEMICalculator_Test"/>
        <method signature="UI_CheckForLoanAmountCalculators.validation_Of_EMI_Calculator()[pri:24, instance:TestCases.UI_CheckForInterestRATECalc@547e29a4]" name="validation_Of_EMI_Calculator" class="TestCases.UI_CheckForLoanAmountCalculators"/>
        <method signature="UI_CheckForLoanAmountCalculators.validationOf_Loan_Amount_Calculator()[pri:25, instance:TestCases.UI_CheckForInterestRATECalc@547e29a4]" name="validationOf_Loan_Amount_Calculator" class="TestCases.UI_CheckForLoanAmountCalculators"/>
        <method signature="UI_CheckForLoanAmountCalculators.validationOf_Loan_Tenure_Calculator()[pri:26, instance:TestCases.UI_CheckForInterestRATECalc@547e29a4]" name="validationOf_Loan_Tenure_Calculator" class="TestCases.UI_CheckForLoanAmountCalculators"/>
        <method signature="UI_CheckForLoanAmountCalculators.validationOf_Loan_Interest_Calculator()[pri:27, instance:TestCases.UI_CheckForInterestRATECalc@547e29a4]" name="validationOf_Loan_Interest_Calculator" class="TestCases.UI_CheckForLoanAmountCalculators"/>
        <method signature="UI_CheckForLoanAmountCalculators.does_setingLoan_Amount()[pri:28, instance:TestCases.UI_CheckForInterestRATECalc@547e29a4]" name="does_setingLoan_Amount" class="TestCases.UI_CheckForLoanAmountCalculators"/>
        <method signature="UI_CheckForLoanAmountCalculators.does_setingLoan_Interest_Rate()[pri:29, instance:TestCases.UI_CheckForInterestRATECalc@547e29a4]" name="does_setingLoan_Interest_Rate" class="TestCases.UI_CheckForLoanAmountCalculators"/>
        <method signature="UI_CheckForLoanAmountCalculators.LoanTennure_CalculatorIs_Present_Validation()[pri:30, instance:TestCases.UI_CheckForInterestRATECalc@547e29a4]" name="LoanTennure_CalculatorIs_Present_Validation" class="TestCases.UI_CheckForLoanAmountCalculators"/>
        <method signature="UI_CheckForLoanAmountCalculators.does_setingLoan_FeesAndCharges()[pri:31, instance:TestCases.UI_CheckForInterestRATECalc@547e29a4]" name="does_setingLoan_FeesAndCharges" class="TestCases.UI_CheckForLoanAmountCalculators"/>
        <method signature="UI_CheckForLoanEMICalc.needTo_setLoan_Amount()[pri:32, instance:TestCases.UI_CheckForInterestRATECalc@547e29a4]" name="needTo_setLoan_Amount" class="TestCases.UI_CheckForLoanEMICalc"/>
        <method signature="UI_CheckForLoanEMICalc.needTo_setLoan_Interest_Rate()[pri:33, instance:TestCases.UI_CheckForInterestRATECalc@547e29a4]" name="needTo_setLoan_Interest_Rate" class="TestCases.UI_CheckForLoanEMICalc"/>
        <method signature="UI_CheckForLoanEMICalc.needTo_setLoan_Tennure()[pri:34, instance:TestCases.UI_CheckForInterestRATECalc@547e29a4]" name="needTo_setLoan_Tennure" class="TestCases.UI_CheckForLoanEMICalc"/>
        <method signature="UI_CheckForLoanEMICalc.needTo_setLoan_FeesAndCharges()[pri:35, instance:TestCases.UI_CheckForInterestRATECalc@547e29a4]" name="needTo_setLoan_FeesAndCharges" class="TestCases.UI_CheckForLoanEMICalc"/>
        <method signature="UI_CheckForLoanEMICalc.needTo_NavigateToNxtPage()[pri:36, instance:TestCases.UI_CheckForInterestRATECalc@547e29a4]" name="needTo_NavigateToNxtPage" class="TestCases.UI_CheckForLoanEMICalc"/>
        <method signature="UI_CheckForLoanTennureCalc.do_setsLoan_Amount()[pri:37, instance:TestCases.UI_CheckForInterestRATECalc@547e29a4]" name="do_setsLoan_Amount" class="TestCases.UI_CheckForLoanTennureCalc"/>
        <method signature="UI_CheckForLoanTennureCalc.do_setsEMI_Amount()[pri:38, instance:TestCases.UI_CheckForInterestRATECalc@547e29a4]" name="do_setsEMI_Amount" class="TestCases.UI_CheckForLoanTennureCalc"/>
        <method signature="UI_CheckForLoanTennureCalc.do_setsLoan_AmountInterest_RATE()[pri:39, instance:TestCases.UI_CheckForInterestRATECalc@547e29a4]" name="do_setsLoan_AmountInterest_RATE" class="TestCases.UI_CheckForLoanTennureCalc"/>
        <method signature="UI_CheckForLoanTennureCalc.do_setsFees_AND_Charges_Amount()[pri:40, instance:TestCases.UI_CheckForInterestRATECalc@547e29a4]" name="do_setsFees_AND_Charges_Amount" class="TestCases.UI_CheckForLoanTennureCalc"/>
        <method signature="UI_CheckForLoanTennureCalc.do_NavigateToNextPAGE()[pri:41, instance:TestCases.UI_CheckForInterestRATECalc@547e29a4]" name="do_NavigateToNextPAGE" class="TestCases.UI_CheckForLoanTennureCalc"/>
        <method signature="UI_CheckForInterestRATECalc.do_settingLoan_Amount()[pri:42, instance:TestCases.UI_CheckForInterestRATECalc@547e29a4]" name="do_settingLoan_Amount" class="TestCases.UI_CheckForInterestRATECalc"/>
        <method signature="UI_CheckForInterestRATECalc.do_settingEMI_Amount()[pri:43, instance:TestCases.UI_CheckForInterestRATECalc@547e29a4]" name="do_settingEMI_Amount" class="TestCases.UI_CheckForInterestRATECalc"/>
        <method signature="UI_CheckForInterestRATECalc.do_setingLoan_Tennure()[pri:44, instance:TestCases.UI_CheckForInterestRATECalc@547e29a4]" name="do_setingLoan_Tennure" class="TestCases.UI_CheckForInterestRATECalc"/>
        <method signature="UI_CheckForInterestRATECalc.do_setingLoan_FeesAndCharges()[pri:45, instance:TestCases.UI_CheckForInterestRATECalc@547e29a4]" name="do_setingLoan_FeesAndCharges" class="TestCases.UI_CheckForInterestRATECalc"/>
        <method signature="UI_CheckForInterestRATECalc.do_validation_Result()[pri:46, instance:TestCases.UI_CheckForInterestRATECalc@547e29a4]" name="do_validation_Result" class="TestCases.UI_CheckForInterestRATECalc"/>
      </group> <!-- master -->
    </groups>
    <test started-at="2024-02-15T11:35:36 IST" name="Grouping Functionalities" finished-at="2024-02-15T11:37:14 IST" duration-ms="97406">
      <class name="TestCases.UI_CheckForInterestRATECalc">
        <test-method is-config="true" signature="setup(java.lang.String,java.lang.String)[pri:0, instance:TestCases.UI_CheckForInterestRATECalc@547e29a4]" started-at="2024-02-15T11:35:37 IST" name="setup" finished-at="2024-02-15T11:35:49 IST" duration-ms="12225" status="PASS">
          <params>
            <param index="0">
              <value>
                <![CDATA[windows]]>
              </value>
            </param>
            <param index="1">
              <value>
                <![CDATA[chrome]]>
              </value>
            </param>
          </params>
          <reporter-output>
          </reporter-output>
        </test-method> <!-- setup -->
        <test-method signature="search_action()[pri:1, instance:TestCases.UI_CheckForInterestRATECalc@547e29a4]" started-at="2024-02-15T11:35:49 IST" name="search_action" finished-at="2024-02-15T11:35:51 IST" duration-ms="1454" status="PASS">
          <reporter-output>
          </reporter-output>
        </test-method> <!-- search_action -->
        <test-method signature="search()[pri:2, instance:TestCases.UI_CheckForInterestRATECalc@547e29a4]" started-at="2024-02-15T11:35:51 IST" name="search" finished-at="2024-02-15T11:35:53 IST" duration-ms="2522" status="PASS">
          <reporter-output>
          </reporter-output>
        </test-method> <!-- search -->
        <test-method signature="open_webpage()[pri:3, instance:TestCases.UI_CheckForInterestRATECalc@547e29a4]" started-at="2024-02-15T11:35:54 IST" name="open_webpage" finished-at="2024-02-15T11:36:02 IST" duration-ms="8767" status="PASS">
          <reporter-output>
          </reporter-output>
        </test-method> <!-- open_webpage -->
        <test-method signature="clickONCarloan()[pri:4, instance:TestCases.UI_CheckForInterestRATECalc@547e29a4]" started-at="2024-02-15T11:36:03 IST" name="clickONCarloan" finished-at="2024-02-15T11:36:03 IST" duration-ms="363" status="PASS">
          <reporter-output>
          </reporter-output>
        </test-method> <!-- clickONCarloan -->
        <test-method signature="refreshPage()[pri:5, instance:TestCases.UI_CheckForInterestRATECalc@547e29a4]" started-at="2024-02-15T11:36:04 IST" name="refreshPage" finished-at="2024-02-15T11:36:05 IST" duration-ms="1178" status="PASS">
          <reporter-output>
          </reporter-output>
        </test-method> <!-- refreshPage -->
        <test-method signature="load_EMICalculator_LINK()[pri:6, instance:TestCases.UI_CheckForInterestRATECalc@547e29a4]" started-at="2024-02-15T11:36:05 IST" name="load_EMICalculator_LINK" finished-at="2024-02-15T11:36:14 IST" duration-ms="9013" status="PASS">
          <reporter-output>
          </reporter-output>
        </test-method> <!-- load_EMICalculator_LINK -->
        <test-method signature="HomeLoan_Validation()[pri:7, instance:TestCases.UI_CheckForInterestRATECalc@547e29a4]" started-at="2024-02-15T11:36:14 IST" name="HomeLoan_Validation" finished-at="2024-02-15T11:36:22 IST" duration-ms="8127" status="PASS">
          <reporter-output>
          </reporter-output>
        </test-method> <!-- HomeLoan_Validation -->
        <test-method signature="setHomeValue_InCalculator()[pri:9, instance:TestCases.UI_CheckForInterestRATECalc@547e29a4]" started-at="2024-02-15T11:36:23 IST" name="setHomeValue_InCalculator" finished-at="2024-02-15T11:36:23 IST" duration-ms="346" status="PASS">
          <reporter-output>
          </reporter-output>
        </test-method> <!-- setHomeValue_InCalculator -->
        <test-method signature="setDownPayment_InCalculator()[pri:10, instance:TestCases.UI_CheckForInterestRATECalc@547e29a4]" started-at="2024-02-15T11:36:23 IST" name="setDownPayment_InCalculator" finished-at="2024-02-15T11:36:24 IST" duration-ms="708" status="PASS">
          <reporter-output>
          </reporter-output>
        </test-method> <!-- setDownPayment_InCalculator -->
        <test-method signature="setting_LoanInsurance_Amount()[pri:11, instance:TestCases.UI_CheckForInterestRATECalc@547e29a4]" started-at="2024-02-15T11:36:24 IST" name="setting_LoanInsurance_Amount" finished-at="2024-02-15T11:36:25 IST" duration-ms="210" status="PASS">
          <reporter-output>
          </reporter-output>
        </test-method> <!-- setting_LoanInsurance_Amount -->
        <test-method signature="Loan_Amt_Validation()[pri:12, instance:TestCases.UI_CheckForInterestRATECalc@547e29a4]" started-at="2024-02-15T11:36:25 IST" name="Loan_Amt_Validation" finished-at="2024-02-15T11:36:25 IST" duration-ms="85" status="PASS">
          <reporter-output>
          </reporter-output>
        </test-method> <!-- Loan_Amt_Validation -->
        <test-method signature="set_Interest_Rate()[pri:13, instance:TestCases.UI_CheckForInterestRATECalc@547e29a4]" started-at="2024-02-15T11:36:25 IST" name="set_Interest_Rate" finished-at="2024-02-15T11:36:25 IST" duration-ms="285" status="PASS">
          <reporter-output>
          </reporter-output>
        </test-method> <!-- set_Interest_Rate -->
        <test-method signature="Setting_Loan_Duration()[pri:14, instance:TestCases.UI_CheckForInterestRATECalc@547e29a4]" started-at="2024-02-15T11:36:26 IST" name="Setting_Loan_Duration" finished-at="2024-02-15T11:36:26 IST" duration-ms="378" status="PASS">
          <reporter-output>
          </reporter-output>
        </test-method> <!-- Setting_Loan_Duration -->
        <test-method signature="Loan_charges_set()[pri:15, instance:TestCases.UI_CheckForInterestRATECalc@547e29a4]" started-at="2024-02-15T11:36:26 IST" name="Loan_charges_set" finished-at="2024-02-15T11:36:29 IST" duration-ms="2424" status="PASS">
          <reporter-output>
          </reporter-output>
        </test-method> <!-- Loan_charges_set -->
        <test-method signature="Loan_StartMonthAndYear_calenderOperations()[pri:16, instance:TestCases.UI_CheckForInterestRATECalc@547e29a4]" started-at="2024-02-15T11:36:29 IST" name="Loan_StartMonthAndYear_calenderOperations" finished-at="2024-02-15T11:36:29 IST" duration-ms="176" status="PASS">
          <reporter-output>
          </reporter-output>
        </test-method> <!-- Loan_StartMonthAndYear_calenderOperations -->
        <test-method signature="LoanStartMonthAndYear_setting()[pri:17, instance:TestCases.UI_CheckForInterestRATECalc@547e29a4]" started-at="2024-02-15T11:36:30 IST" name="LoanStartMonthAndYear_setting" finished-at="2024-02-15T11:36:30 IST" duration-ms="395" status="PASS">
          <reporter-output>
          </reporter-output>
        </test-method> <!-- LoanStartMonthAndYear_setting -->
        <test-method signature="setting_OneTimeExpenses()[pri:18, instance:TestCases.UI_CheckForInterestRATECalc@547e29a4]" started-at="2024-02-15T11:36:30 IST" name="setting_OneTimeExpenses" finished-at="2024-02-15T11:36:33 IST" duration-ms="2442" status="PASS">
          <reporter-output>
          </reporter-output>
        </test-method> <!-- setting_OneTimeExpenses -->
        <test-method signature="propertyTaxesperyear()[pri:19, instance:TestCases.UI_CheckForInterestRATECalc@547e29a4]" started-at="2024-02-15T11:36:33 IST" name="propertyTaxesperyear" finished-at="2024-02-15T11:36:35 IST" duration-ms="2334" status="PASS">
          <reporter-output>
          </reporter-output>
        </test-method> <!-- propertyTaxesperyear -->
        <test-method signature="HomeInsurancePerYear_setting()[pri:20, instance:TestCases.UI_CheckForInterestRATECalc@547e29a4]" started-at="2024-02-15T11:36:36 IST" name="HomeInsurancePerYear_setting" finished-at="2024-02-15T11:36:39 IST" duration-ms="3229" status="PASS">
          <reporter-output>
          </reporter-output>
        </test-method> <!-- HomeInsurancePerYear_setting -->
        <test-method signature="SettingMaintenanceExpenses()[pri:21, instance:TestCases.UI_CheckForInterestRATECalc@547e29a4]" started-at="2024-02-15T11:36:39 IST" name="SettingMaintenanceExpenses" finished-at="2024-02-15T11:36:39 IST" duration-ms="166" status="PASS">
          <reporter-output>
          </reporter-output>
        </test-method> <!-- SettingMaintenanceExpenses -->
        <test-method signature="implementing_ExcelMethods_toStoreData()[pri:22, instance:TestCases.UI_CheckForInterestRATECalc@547e29a4]" started-at="2024-02-15T11:36:40 IST" name="implementing_ExcelMethods_toStoreData" finished-at="2024-02-15T11:36:53 IST" duration-ms="13826" status="PASS">
          <reporter-output>
          </reporter-output>
        </test-method> <!-- implementing_ExcelMethods_toStoreData -->
        <test-method signature="Navigation_toNextPage()[pri:23, instance:TestCases.UI_CheckForInterestRATECalc@547e29a4]" started-at="2024-02-15T11:36:54 IST" name="Navigation_toNextPage" finished-at="2024-02-15T11:36:57 IST" duration-ms="3572" status="PASS">
          <reporter-output>
          </reporter-output>
        </test-method> <!-- Navigation_toNextPage -->
        <test-method signature="validation_Of_EMI_Calculator()[pri:24, instance:TestCases.UI_CheckForInterestRATECalc@547e29a4]" started-at="2024-02-15T11:36:58 IST" name="validation_Of_EMI_Calculator" finished-at="2024-02-15T11:36:58 IST" duration-ms="117" status="PASS">
          <reporter-output>
          </reporter-output>
        </test-method> <!-- validation_Of_EMI_Calculator -->
        <test-method signature="validationOf_Loan_Amount_Calculator()[pri:25, instance:TestCases.UI_CheckForInterestRATECalc@547e29a4]" started-at="2024-02-15T11:36:58 IST" name="validationOf_Loan_Amount_Calculator" finished-at="2024-02-15T11:36:58 IST" duration-ms="75" status="PASS">
          <reporter-output>
          </reporter-output>
        </test-method> <!-- validationOf_Loan_Amount_Calculator -->
        <test-method signature="validationOf_Loan_Tenure_Calculator()[pri:26, instance:TestCases.UI_CheckForInterestRATECalc@547e29a4]" started-at="2024-02-15T11:36:58 IST" name="validationOf_Loan_Tenure_Calculator" finished-at="2024-02-15T11:36:59 IST" duration-ms="61" status="PASS">
          <reporter-output>
          </reporter-output>
        </test-method> <!-- validationOf_Loan_Tenure_Calculator -->
        <test-method signature="validationOf_Loan_Interest_Calculator()[pri:27, instance:TestCases.UI_CheckForInterestRATECalc@547e29a4]" started-at="2024-02-15T11:36:59 IST" name="validationOf_Loan_Interest_Calculator" finished-at="2024-02-15T11:36:59 IST" duration-ms="59" status="PASS">
          <reporter-output>
          </reporter-output>
        </test-method> <!-- validationOf_Loan_Interest_Calculator -->
        <test-method signature="does_setingLoan_Amount()[pri:28, instance:TestCases.UI_CheckForInterestRATECalc@547e29a4]" started-at="2024-02-15T11:36:59 IST" name="does_setingLoan_Amount" finished-at="2024-02-15T11:36:59 IST" duration-ms="229" status="PASS">
          <reporter-output>
          </reporter-output>
        </test-method> <!-- does_setingLoan_Amount -->
        <test-method signature="does_setingLoan_Interest_Rate()[pri:29, instance:TestCases.UI_CheckForInterestRATECalc@547e29a4]" started-at="2024-02-15T11:37:00 IST" name="does_setingLoan_Interest_Rate" finished-at="2024-02-15T11:37:00 IST" duration-ms="364" status="PASS">
          <reporter-output>
          </reporter-output>
        </test-method> <!-- does_setingLoan_Interest_Rate -->
        <test-method signature="LoanTennure_CalculatorIs_Present_Validation()[pri:30, instance:TestCases.UI_CheckForInterestRATECalc@547e29a4]" started-at="2024-02-15T11:37:00 IST" name="LoanTennure_CalculatorIs_Present_Validation" finished-at="2024-02-15T11:37:01 IST" duration-ms="325" status="PASS">
          <reporter-output>
          </reporter-output>
        </test-method> <!-- LoanTennure_CalculatorIs_Present_Validation -->
        <test-method signature="does_setingLoan_FeesAndCharges()[pri:31, instance:TestCases.UI_CheckForInterestRATECalc@547e29a4]" started-at="2024-02-15T11:37:01 IST" name="does_setingLoan_FeesAndCharges" finished-at="2024-02-15T11:37:01 IST" duration-ms="399" status="PASS">
          <reporter-output>
          </reporter-output>
        </test-method> <!-- does_setingLoan_FeesAndCharges -->
        <test-method signature="needTo_setLoan_Amount()[pri:32, instance:TestCases.UI_CheckForInterestRATECalc@547e29a4]" started-at="2024-02-15T11:37:01 IST" name="needTo_setLoan_Amount" finished-at="2024-02-15T11:37:02 IST" duration-ms="254" status="PASS">
          <reporter-output>
          </reporter-output>
        </test-method> <!-- needTo_setLoan_Amount -->
        <test-method signature="needTo_setLoan_Interest_Rate()[pri:33, instance:TestCases.UI_CheckForInterestRATECalc@547e29a4]" started-at="2024-02-15T11:37:02 IST" name="needTo_setLoan_Interest_Rate" finished-at="2024-02-15T11:37:02 IST" duration-ms="311" status="PASS">
          <reporter-output>
          </reporter-output>
        </test-method> <!-- needTo_setLoan_Interest_Rate -->
        <test-method signature="needTo_setLoan_Tennure()[pri:34, instance:TestCases.UI_CheckForInterestRATECalc@547e29a4]" started-at="2024-02-15T11:37:02 IST" name="needTo_setLoan_Tennure" finished-at="2024-02-15T11:37:03 IST" duration-ms="400" status="PASS">
          <reporter-output>
          </reporter-output>
        </test-method> <!-- needTo_setLoan_Tennure -->
        <test-method signature="needTo_setLoan_FeesAndCharges()[pri:35, instance:TestCases.UI_CheckForInterestRATECalc@547e29a4]" started-at="2024-02-15T11:37:03 IST" name="needTo_setLoan_FeesAndCharges" finished-at="2024-02-15T11:37:04 IST" duration-ms="468" status="PASS">
          <reporter-output>
          </reporter-output>
        </test-method> <!-- needTo_setLoan_FeesAndCharges -->
        <test-method signature="needTo_NavigateToNxtPage()[pri:36, instance:TestCases.UI_CheckForInterestRATECalc@547e29a4]" started-at="2024-02-15T11:37:04 IST" name="needTo_NavigateToNxtPage" finished-at="2024-02-15T11:37:04 IST" duration-ms="191" status="PASS">
          <reporter-output>
          </reporter-output>
        </test-method> <!-- needTo_NavigateToNxtPage -->
        <test-method signature="do_setsLoan_Amount()[pri:37, instance:TestCases.UI_CheckForInterestRATECalc@547e29a4]" started-at="2024-02-15T11:37:04 IST" name="do_setsLoan_Amount" finished-at="2024-02-15T11:37:08 IST" duration-ms="3225" status="PASS">
          <reporter-output>
          </reporter-output>
        </test-method> <!-- do_setsLoan_Amount -->
        <test-method signature="do_setsEMI_Amount()[pri:38, instance:TestCases.UI_CheckForInterestRATECalc@547e29a4]" started-at="2024-02-15T11:37:08 IST" name="do_setsEMI_Amount" finished-at="2024-02-15T11:37:08 IST" duration-ms="318" status="PASS">
          <reporter-output>
          </reporter-output>
        </test-method> <!-- do_setsEMI_Amount -->
        <test-method signature="do_setsLoan_AmountInterest_RATE()[pri:39, instance:TestCases.UI_CheckForInterestRATECalc@547e29a4]" started-at="2024-02-15T11:37:08 IST" name="do_setsLoan_AmountInterest_RATE" finished-at="2024-02-15T11:37:09 IST" duration-ms="350" status="PASS">
          <reporter-output>
          </reporter-output>
        </test-method> <!-- do_setsLoan_AmountInterest_RATE -->
        <test-method signature="do_setsFees_AND_Charges_Amount()[pri:40, instance:TestCases.UI_CheckForInterestRATECalc@547e29a4]" started-at="2024-02-15T11:37:09 IST" name="do_setsFees_AND_Charges_Amount" finished-at="2024-02-15T11:37:09 IST" duration-ms="379" status="PASS">
          <reporter-output>
          </reporter-output>
        </test-method> <!-- do_setsFees_AND_Charges_Amount -->
        <test-method signature="do_NavigateToNextPAGE()[pri:41, instance:TestCases.UI_CheckForInterestRATECalc@547e29a4]" started-at="2024-02-15T11:37:10 IST" name="do_NavigateToNextPAGE" finished-at="2024-02-15T11:37:10 IST" duration-ms="182" status="PASS">
          <reporter-output>
          </reporter-output>
        </test-method> <!-- do_NavigateToNextPAGE -->
        <test-method signature="do_settingLoan_Amount()[pri:42, instance:TestCases.UI_CheckForInterestRATECalc@547e29a4]" started-at="2024-02-15T11:37:10 IST" name="do_settingLoan_Amount" finished-at="2024-02-15T11:37:10 IST" duration-ms="292" status="PASS">
          <reporter-output>
          </reporter-output>
        </test-method> <!-- do_settingLoan_Amount -->
        <test-method signature="do_settingEMI_Amount()[pri:43, instance:TestCases.UI_CheckForInterestRATECalc@547e29a4]" started-at="2024-02-15T11:37:11 IST" name="do_settingEMI_Amount" finished-at="2024-02-15T11:37:11 IST" duration-ms="299" status="PASS">
          <reporter-output>
          </reporter-output>
        </test-method> <!-- do_settingEMI_Amount -->
        <test-method signature="do_setingLoan_Tennure()[pri:44, instance:TestCases.UI_CheckForInterestRATECalc@547e29a4]" started-at="2024-02-15T11:37:11 IST" name="do_setingLoan_Tennure" finished-at="2024-02-15T11:37:12 IST" duration-ms="308" status="PASS">
          <reporter-output>
          </reporter-output>
        </test-method> <!-- do_setingLoan_Tennure -->
        <test-method signature="do_setingLoan_FeesAndCharges()[pri:45, instance:TestCases.UI_CheckForInterestRATECalc@547e29a4]" started-at="2024-02-15T11:37:12 IST" name="do_setingLoan_FeesAndCharges" finished-at="2024-02-15T11:37:12 IST" duration-ms="413" status="PASS">
          <reporter-output>
          </reporter-output>
        </test-method> <!-- do_setingLoan_FeesAndCharges -->
        <test-method signature="do_validation_Result()[pri:46, instance:TestCases.UI_CheckForInterestRATECalc@547e29a4]" started-at="2024-02-15T11:37:12 IST" name="do_validation_Result" finished-at="2024-02-15T11:37:12 IST" duration-ms="37" status="PASS">
          <reporter-output>
          </reporter-output>
        </test-method> <!-- do_validation_Result -->
        <test-method is-config="true" signature="tearDown()[pri:0, instance:TestCases.UI_CheckForInterestRATECalc@547e29a4]" started-at="2024-02-15T11:37:13 IST" name="tearDown" finished-at="2024-02-15T11:37:14 IST" duration-ms="1145" status="PASS">
          <reporter-output>
          </reporter-output>
        </test-method> <!-- tearDown -->
      </class> <!-- TestCases.UI_CheckForInterestRATECalc -->
    </test> <!-- Grouping Functionalities -->
  </suite> <!-- Smoke_Testing -->
</testng-results>
